2024-12-16T19:56:50.159+04:00  INFO 6916 --- [calculator] [main] r.v.calculator.CalculatorApplication     : Starting CalculatorApplication using Java 22.0.2 with PID 6916 (C:\Users\Ann\Desktop\study\neoflex\creditBank\calculator\target\classes started by Ann in C:\Users\Ann\Desktop\study\neoflex\creditBank\calculator)
2024-12-16T19:56:50.192+04:00 DEBUG 6916 --- [calculator] [main] r.v.calculator.CalculatorApplication     : Running with Spring Boot v3.3.5, Spring v6.1.14
2024-12-16T19:56:50.195+04:00  INFO 6916 --- [calculator] [main] r.v.calculator.CalculatorApplication     : No active profile set, falling back to 1 default profile: "default"
2024-12-16T19:56:52.771+04:00  INFO 6916 --- [calculator] [main] o.s.b.w.embedded.tomcat.TomcatWebServer  : Tomcat initialized with port 8080 (http)
2024-12-16T19:56:52.803+04:00  INFO 6916 --- [calculator] [main] o.apache.catalina.core.StandardService   : Starting service [Tomcat]
2024-12-16T19:56:52.803+04:00  INFO 6916 --- [calculator] [main] o.apache.catalina.core.StandardEngine    : Starting Servlet engine: [Apache Tomcat/10.1.31]
2024-12-16T19:56:52.903+04:00  INFO 6916 --- [calculator] [main] o.a.c.c.C.[Tomcat].[localhost].[/]       : Initializing Spring embedded WebApplicationContext
2024-12-16T19:56:52.903+04:00  INFO 6916 --- [calculator] [main] w.s.c.ServletWebServerApplicationContext : Root WebApplicationContext: initialization completed in 2595 ms
2024-12-16T19:56:54.042+04:00  INFO 6916 --- [calculator] [main] o.s.b.w.embedded.tomcat.TomcatWebServer  : Tomcat started on port 8080 (http) with context path '/'
2024-12-16T19:56:54.058+04:00  INFO 6916 --- [calculator] [main] r.v.calculator.CalculatorApplication     : Started CalculatorApplication in 4.906 seconds (process running for 5.758)
2024-12-16T19:57:08.806+04:00  INFO 6916 --- [calculator] [http-nio-8080-exec-1] o.a.c.c.C.[Tomcat].[localhost].[/]       : Initializing Spring DispatcherServlet 'dispatcherServlet'
2024-12-16T19:57:08.807+04:00  INFO 6916 --- [calculator] [http-nio-8080-exec-1] o.s.web.servlet.DispatcherServlet        : Initializing Servlet 'dispatcherServlet'
2024-12-16T19:57:08.810+04:00  INFO 6916 --- [calculator] [http-nio-8080-exec-1] o.s.web.servlet.DispatcherServlet        : Completed initialization in 3 ms
2024-12-16T19:57:10.399+04:00  INFO 6916 --- [calculator] [http-nio-8080-exec-3] o.springdoc.api.AbstractOpenApiResource  : Init duration for springdoc-openapi is: 984 ms
2024-12-16T19:57:39.864+04:00 DEBUG 6916 --- [calculator] [http-nio-8080-exec-6] r.v.calculator.service.OfferService      : Starting the generation of loan offers LoanStatementRequestDto(amount=50000, term=24, firstName=John, lastName=Doe, middleName=Ivanovich, email=example@example.com, birthdate=1990-05-01, passportSeries=1234, passportNumber=123456)
2024-12-16T19:57:39.866+04:00 DEBUG 6916 --- [calculator] [http-nio-8080-exec-6] r.v.calculator.service.ScoringService    : The monthly payment amount has been calculated 2424.33
2024-12-16T19:57:39.866+04:00 DEBUG 6916 --- [calculator] [http-nio-8080-exec-6] r.v.calculator.service.ScoringService    : The monthly payment amount has been calculated 7201.93
2024-12-16T19:57:39.866+04:00 DEBUG 6916 --- [calculator] [http-nio-8080-exec-6] r.v.calculator.service.ScoringService    : The monthly payment amount has been calculated 2353.67
2024-12-16T19:57:39.866+04:00 DEBUG 6916 --- [calculator] [http-nio-8080-exec-6] r.v.calculator.service.ScoringService    : The monthly payment amount has been calculated 6991.18
2024-12-16T19:57:39.866+04:00 DEBUG 6916 --- [calculator] [http-nio-8080-exec-6] r.v.calculator.service.OfferService      : generate loan offers [LoanOfferDto(statementId=6287cbc0-476e-4487-a079-cf5ed1b451dd, requestedAmount=50000, totalAmount=50000, term=24, monthlyPayment=2424.33, rate=15, isInsuranceEnabled=false, isSalaryClient=false), LoanOfferDto(statementId=d19f4cbe-686b-4202-84d4-ffcd7212465f, requestedAmount=50000, totalAmount=150000, term=24, monthlyPayment=7201.93, rate=14, isInsuranceEnabled=true, isSalaryClient=false), LoanOfferDto(statementId=4c0ed1db-7a86-471e-b9e6-db2ef36b0cb8, requestedAmount=50000, totalAmount=50000, term=24, monthlyPayment=2353.67, rate=12, isInsuranceEnabled=false, isSalaryClient=true), LoanOfferDto(statementId=6a5e040d-28b6-4947-88ed-1a60c60c0b4f, requestedAmount=50000, totalAmount=150000, term=24, monthlyPayment=6991.18, rate=11, isInsuranceEnabled=true, isSalaryClient=true)]
2024-12-16T19:57:53.086+04:00 DEBUG 6916 --- [calculator] [http-nio-8080-exec-8] r.v.calculator.service.OfferService      : Starting the generation of loan offers LoanStatementRequestDto(amount=50000, term=24, firstName=John, lastName=Doe, middleName=Ivanovich, email=example@example.com, birthdate=1890-05-01, passportSeries=1234, passportNumber=123456)
2024-12-16T19:57:53.086+04:00 DEBUG 6916 --- [calculator] [http-nio-8080-exec-8] r.v.calculator.service.ScoringService    : The monthly payment amount has been calculated 2424.33
2024-12-16T19:57:53.089+04:00 DEBUG 6916 --- [calculator] [http-nio-8080-exec-8] r.v.calculator.service.ScoringService    : The monthly payment amount has been calculated 7201.93
2024-12-16T19:57:53.091+04:00 DEBUG 6916 --- [calculator] [http-nio-8080-exec-8] r.v.calculator.service.ScoringService    : The monthly payment amount has been calculated 2353.67
2024-12-16T19:57:53.095+04:00 DEBUG 6916 --- [calculator] [http-nio-8080-exec-8] r.v.calculator.service.ScoringService    : The monthly payment amount has been calculated 6991.18
2024-12-16T19:57:53.096+04:00 DEBUG 6916 --- [calculator] [http-nio-8080-exec-8] r.v.calculator.service.OfferService      : generate loan offers [LoanOfferDto(statementId=863a923c-04b7-4999-a364-a6be327db547, requestedAmount=50000, totalAmount=50000, term=24, monthlyPayment=2424.33, rate=15, isInsuranceEnabled=false, isSalaryClient=false), LoanOfferDto(statementId=c68734a4-3b13-474e-bf75-501d82f5ea54, requestedAmount=50000, totalAmount=150000, term=24, monthlyPayment=7201.93, rate=14, isInsuranceEnabled=true, isSalaryClient=false), LoanOfferDto(statementId=ed3e5df7-4825-4380-9cbc-a1faeae040f1, requestedAmount=50000, totalAmount=50000, term=24, monthlyPayment=2353.67, rate=12, isInsuranceEnabled=false, isSalaryClient=true), LoanOfferDto(statementId=6640d17a-5513-4c5f-a422-6ea44e9021dd, requestedAmount=50000, totalAmount=150000, term=24, monthlyPayment=6991.18, rate=11, isInsuranceEnabled=true, isSalaryClient=true)]
